INFO 2024-11-19 18:31:59,805 autoreload Watching for file changes with StatReloader
INFO 2024-11-19 18:34:10,987 autoreload /Users/kalkadam/Desktop/KBTU_Django/wsp_v2/StudentManagementSystem/users/views.py changed, reloading.
INFO 2024-11-19 18:34:11,332 autoreload Watching for file changes with StatReloader
INFO 2024-11-19 18:38:28,857 autoreload /Users/kalkadam/Desktop/KBTU_Django/wsp_v2/StudentManagementSystem/courses/views.py changed, reloading.
INFO 2024-11-19 18:38:29,183 autoreload Watching for file changes with StatReloader
INFO 2024-11-19 18:39:18,981 autoreload /Users/kalkadam/Desktop/KBTU_Django/wsp_v2/StudentManagementSystem/attendance/views.py changed, reloading.
INFO 2024-11-19 18:39:19,291 autoreload Watching for file changes with StatReloader
INFO 2024-11-19 18:39:38,049 autoreload /Users/kalkadam/Desktop/KBTU_Django/wsp_v2/StudentManagementSystem/grades/views.py changed, reloading.
INFO 2024-11-19 18:39:38,323 autoreload Watching for file changes with StatReloader
INFO 2024-11-19 18:40:05,463 basehttp "GET /api/students/ HTTP/1.1" 200 13185
INFO 2024-11-19 18:40:14,706 basehttp "GET /api/attendance/ HTTP/1.1" 200 10567
INFO 2024-11-19 18:40:35,725 basehttp "POST /api/attendance/ HTTP/1.1" 201 10661
INFO 2024-11-19 18:40:53,458 basehttp "POST /api/attendance/ HTTP/1.1" 201 10660
WARNING 2024-11-19 18:41:02,462 log Bad Request: /api/attendance/
WARNING 2024-11-19 18:41:02,463 basehttp "POST /api/attendance/ HTTP/1.1" 400 10616
INFO 2024-11-19 18:41:09,606 basehttp "GET /api/ HTTP/1.1" 200 6579
INFO 2024-11-19 18:41:12,516 basehttp "GET /api/attendance/ HTTP/1.1" 200 11028
INFO 2024-11-19 18:53:07,540 basehttp "GET /api/docs/ HTTP/1.1" 200 4662
INFO 2024-11-19 18:53:07,734 basehttp "GET /api/schema/ HTTP/1.1" 200 122860
INFO 2024-11-19 20:19:58,370 autoreload Watching for file changes with StatReloader
INFO 2024-11-19 20:21:49,838 autoreload Watching for file changes with StatReloader
INFO 2024-11-19 20:22:30,897 autoreload Watching for file changes with StatReloader
INFO 2024-11-19 20:22:33,429 basehttp "GET /api/docs/ HTTP/1.1" 200 4662
INFO 2024-11-19 20:22:33,643 basehttp "GET /api/schema/ HTTP/1.1" 200 122212
INFO 2024-11-19 20:22:34,347 basehttp "GET /api/docs/ HTTP/1.1" 200 4662
INFO 2024-11-19 20:22:34,441 basehttp "GET /api/schema/ HTTP/1.1" 200 122212
WARNING 2024-11-19 20:22:38,288 log Not Found: /api//
WARNING 2024-11-19 20:22:38,289 basehttp "GET /api// HTTP/1.1" 404 9423
INFO 2024-11-19 20:22:40,371 basehttp "GET /api/ HTTP/1.1" 200 6307
INFO 2024-11-19 20:22:40,414 basehttp "GET /static/rest_framework/js/jquery-3.5.1.min.js HTTP/1.1" 200 89476
INFO 2024-11-19 20:22:42,104 basehttp "GET /api/auth/users/ HTTP/1.1" 200 12357
INFO 2024-11-19 20:22:49,831 basehttp "GET /api/students/ HTTP/1.1" 200 12913
INFO 2024-11-19 20:22:52,272 basehttp "GET /api/enrollments/ HTTP/1.1" 200 9169
INFO 2024-11-19 20:22:53,877 basehttp "GET /api/courses/ HTTP/1.1" 200 11783
INFO 2024-11-19 20:22:58,908 basehttp "GET /api/grades/ HTTP/1.1" 200 9942
INFO 2024-11-19 20:23:00,776 basehttp "GET /api/attendance/ HTTP/1.1" 200 10756
INFO 2024-11-19 20:23:06,234 basehttp "GET /api/ HTTP/1.1" 200 6307
INFO 2024-11-20 04:06:58,350 autoreload Watching for file changes with StatReloader
INFO 2024-11-20 04:07:03,772 autoreload /Users/kalkadam/Desktop/KBTU_Django/StudentManagementSystem/StudentManagementSystem/students/views.py changed, reloading.
INFO 2024-11-20 04:07:03,973 autoreload Watching for file changes with StatReloader
INFO 2024-11-20 04:07:06,148 basehttp "GET /api/ HTTP/1.1" 200 6307
INFO 2024-11-20 04:07:06,215 basehttp "GET /static/rest_framework/css/bootstrap.min.css HTTP/1.1" 304 0
INFO 2024-11-20 04:07:06,216 basehttp "GET /static/rest_framework/css/prettify.css HTTP/1.1" 304 0
INFO 2024-11-20 04:07:06,217 basehttp "GET /static/rest_framework/css/default.css HTTP/1.1" 304 0
INFO 2024-11-20 04:07:06,218 basehttp "GET /static/rest_framework/css/bootstrap-tweaks.css HTTP/1.1" 304 0
INFO 2024-11-20 04:07:06,218 basehttp "GET /static/rest_framework/js/ajax-form.js HTTP/1.1" 304 0
INFO 2024-11-20 04:07:06,219 basehttp "GET /static/rest_framework/js/bootstrap.min.js HTTP/1.1" 304 0
INFO 2024-11-20 04:07:06,219 basehttp "GET /static/rest_framework/js/prettify-min.js HTTP/1.1" 304 0
INFO 2024-11-20 04:07:06,220 basehttp "GET /static/rest_framework/js/csrf.js HTTP/1.1" 304 0
INFO 2024-11-20 04:07:06,221 basehttp "GET /static/rest_framework/js/default.js HTTP/1.1" 304 0
INFO 2024-11-20 04:07:06,238 basehttp "GET /static/rest_framework/img/grid.png HTTP/1.1" 304 0
INFO 2024-11-20 04:07:06,571 basehttp "GET /api/ HTTP/1.1" 200 6307
INFO 2024-11-20 04:07:07,063 basehttp "GET /api/ HTTP/1.1" 200 6307
INFO 2024-11-20 04:07:07,323 basehttp "GET /api/ HTTP/1.1" 200 6307
INFO 2024-11-20 04:07:07,827 basehttp "GET /api/ HTTP/1.1" 200 6307
INFO 2024-11-20 04:07:09,660 basehttp "GET /api/drf-auth/logout/?next=/api/ HTTP/1.1" 302 0
INFO 2024-11-20 04:07:09,665 basehttp "GET /api/ HTTP/1.1" 200 6068
INFO 2024-11-20 04:07:11,128 basehttp "GET /api/drf-auth/login/?next=/api/ HTTP/1.1" 200 2709
INFO 2024-11-20 04:07:15,802 basehttp "POST /api/drf-auth/login/ HTTP/1.1" 302 0
INFO 2024-11-20 04:07:15,808 basehttp "GET /api/ HTTP/1.1" 200 6310
INFO 2024-11-20 04:07:18,621 basehttp "GET /api/auth/users/ HTTP/1.1" 200 11522
INFO 2024-11-20 04:07:22,571 basehttp "GET /api/students/ HTTP/1.1" 200 8091
INFO 2024-11-20 04:07:22,596 basehttp "GET /static/rest_framework/fonts/glyphicons-halflings-regular.woff2 HTTP/1.1" 304 0
INFO 2024-11-20 04:07:24,735 basehttp "GET /api/courses/ HTTP/1.1" 200 8477
INFO 2024-11-20 04:07:26,630 basehttp "GET /api/grades/ HTTP/1.1" 200 5928
INFO 2024-11-20 04:07:29,683 basehttp "GET /api/attendance/ HTTP/1.1" 200 5995
INFO 2024-11-20 04:07:33,396 basehttp "GET /api/enrollments/ HTTP/1.1" 200 5769
INFO 2024-11-20 04:07:39,467 basehttp "GET /api/students/ HTTP/1.1" 200 8091
INFO 2024-11-20 04:11:17,752 basehttp "GET /api/drf-auth/logout/?next=/api/ HTTP/1.1" 302 0
INFO 2024-11-20 04:11:17,757 basehttp "GET /api/ HTTP/1.1" 200 6068
INFO 2024-11-20 04:11:18,457 basehttp "GET /api/drf-auth/login/?next=/api/ HTTP/1.1" 200 2709
INFO 2024-11-20 04:11:22,216 basehttp "POST /api/drf-auth/login/ HTTP/1.1" 302 0
INFO 2024-11-20 04:11:22,222 basehttp "GET /api/ HTTP/1.1" 200 6307
INFO 2024-11-20 04:13:07,194 basehttp "GET /api/drf-auth/logout/?next=/api/ HTTP/1.1" 302 0
INFO 2024-11-20 04:13:07,202 basehttp "GET /api/ HTTP/1.1" 200 6068
INFO 2024-11-20 04:13:09,024 basehttp "GET /api/drf-auth/login/?next=/api/ HTTP/1.1" 200 2709
INFO 2024-11-20 04:20:48,931 autoreload /Users/kalkadam/Desktop/KBTU_Django/StudentManagementSystem/StudentManagementSystem/notifications/models.py changed, reloading.
INFO 2024-11-20 04:20:49,339 autoreload Watching for file changes with StatReloader
INFO 2024-11-20 04:26:06,040 autoreload Watching for file changes with StatReloader
INFO 2024-11-20 04:26:09,007 basehttp "GET /admin/ HTTP/1.1" 302 0
INFO 2024-11-20 04:26:09,027 basehttp "GET /admin/login/?next=/admin/ HTTP/1.1" 200 4181
INFO 2024-11-20 04:26:09,067 basehttp "GET /static/admin/css/base.css HTTP/1.1" 304 0
INFO 2024-11-20 04:26:09,068 basehttp "GET /static/admin/css/dark_mode.css HTTP/1.1" 304 0
INFO 2024-11-20 04:26:09,068 basehttp "GET /static/admin/css/login.css HTTP/1.1" 304 0
INFO 2024-11-20 04:26:09,069 basehttp "GET /static/admin/css/nav_sidebar.css HTTP/1.1" 304 0
INFO 2024-11-20 04:26:09,069 basehttp "GET /static/admin/css/responsive.css HTTP/1.1" 304 0
INFO 2024-11-20 04:26:09,093 basehttp "GET /static/admin/js/theme.js HTTP/1.1" 304 0
INFO 2024-11-20 04:26:09,093 basehttp "GET /static/admin/js/nav_sidebar.js HTTP/1.1" 304 0
INFO 2024-11-20 04:26:10,423 basehttp "POST /admin/login/?next=/admin/ HTTP/1.1" 302 0
INFO 2024-11-20 04:26:10,433 basehttp "GET /admin/ HTTP/1.1" 200 10786
INFO 2024-11-20 04:26:10,451 basehttp "GET /static/admin/css/dashboard.css HTTP/1.1" 304 0
INFO 2024-11-20 04:26:10,458 basehttp "GET /static/admin/img/icon-changelink.svg HTTP/1.1" 304 0
INFO 2024-11-20 04:26:10,458 basehttp "GET /static/admin/img/icon-addlink.svg HTTP/1.1" 304 0
INFO 2024-11-20 04:26:10,458 basehttp "GET /static/admin/img/icon-deletelink.svg HTTP/1.1" 304 0
INFO 2024-11-20 04:28:01,921 autoreload /Users/kalkadam/Desktop/KBTU_Django/StudentManagementSystem/StudentManagementSystem/StudentManagementSystem/urls.py changed, reloading.
INFO 2024-11-20 04:28:02,254 autoreload Watching for file changes with StatReloader
INFO 2024-11-20 04:29:10,419 autoreload /Users/kalkadam/Desktop/KBTU_Django/StudentManagementSystem/StudentManagementSystem/users/admin.py changed, reloading.
INFO 2024-11-20 04:29:10,777 autoreload Watching for file changes with StatReloader
INFO 2024-11-20 04:29:11,246 basehttp "GET /admin/ HTTP/1.1" 200 11513
INFO 2024-11-20 04:29:12,534 basehttp "GET /admin/notifications/notification/ HTTP/1.1" 200 9931
INFO 2024-11-20 04:29:12,551 basehttp "GET /static/admin/css/changelists.css HTTP/1.1" 304 0
INFO 2024-11-20 04:29:12,552 basehttp "GET /static/admin/js/vendor/jquery/jquery.js HTTP/1.1" 304 0
INFO 2024-11-20 04:29:12,555 basehttp "GET /static/admin/js/core.js HTTP/1.1" 304 0
INFO 2024-11-20 04:29:12,555 basehttp "GET /static/admin/js/admin/RelatedObjectLookups.js HTTP/1.1" 304 0
INFO 2024-11-20 04:29:12,556 basehttp "GET /static/admin/js/urlify.js HTTP/1.1" 304 0
INFO 2024-11-20 04:29:12,557 basehttp "GET /static/admin/js/jquery.init.js HTTP/1.1" 304 0
INFO 2024-11-20 04:29:12,558 basehttp "GET /static/admin/js/actions.js HTTP/1.1" 304 0
INFO 2024-11-20 04:29:12,559 basehttp "GET /static/admin/js/vendor/xregexp/xregexp.js HTTP/1.1" 304 0
INFO 2024-11-20 04:29:12,560 basehttp "GET /admin/jsi18n/ HTTP/1.1" 200 3343
INFO 2024-11-20 04:29:12,562 basehttp "GET /static/admin/js/prepopulate.js HTTP/1.1" 304 0
INFO 2024-11-20 04:29:12,570 basehttp "GET /static/admin/js/filters.js HTTP/1.1" 304 0
INFO 2024-11-20 04:29:12,583 basehttp "GET /static/admin/img/tooltag-add.svg HTTP/1.1" 304 0
INFO 2024-11-20 04:29:14,350 basehttp "GET /admin/notifications/notification/add/ HTTP/1.1" 200 13053
INFO 2024-11-20 04:29:14,366 basehttp "GET /static/admin/css/forms.css HTTP/1.1" 304 0
INFO 2024-11-20 04:29:14,367 basehttp "GET /static/admin/img/icon-viewlink.svg HTTP/1.1" 304 0
INFO 2024-11-20 04:29:14,368 basehttp "GET /static/admin/js/prepopulate_init.js HTTP/1.1" 304 0
INFO 2024-11-20 04:29:14,370 basehttp "GET /admin/jsi18n/ HTTP/1.1" 200 3343
INFO 2024-11-20 04:29:14,373 basehttp "GET /static/admin/css/widgets.css HTTP/1.1" 304 0
INFO 2024-11-20 04:29:14,374 basehttp "GET /static/admin/js/change_form.js HTTP/1.1" 304 0
INFO 2024-11-20 04:29:23,392 basehttp "POST /admin/notifications/notification/add/ HTTP/1.1" 302 0
INFO 2024-11-20 04:29:23,406 basehttp "GET /admin/notifications/notification/ HTTP/1.1" 200 11371
INFO 2024-11-20 04:29:23,418 basehttp "GET /admin/jsi18n/ HTTP/1.1" 200 3343
INFO 2024-11-20 04:29:23,427 basehttp "GET /static/admin/img/icon-yes.svg HTTP/1.1" 304 0
INFO 2024-11-20 04:29:24,731 basehttp "GET /admin/notifications/notification/ HTTP/1.1" 200 11128
INFO 2024-11-20 04:29:24,747 basehttp "GET /admin/jsi18n/ HTTP/1.1" 200 3343
INFO 2024-11-20 04:29:25,310 basehttp "GET /admin/notifications/notification/ HTTP/1.1" 200 11128
INFO 2024-11-20 04:29:25,326 basehttp "GET /admin/jsi18n/ HTTP/1.1" 200 3343
INFO 2024-11-20 04:29:28,849 basehttp "GET /api/drf-auth/login/?next=/api/ HTTP/1.1" 200 2709
INFO 2024-11-20 04:29:29,857 basehttp "POST /api/drf-auth/login/ HTTP/1.1" 302 0
INFO 2024-11-20 04:29:29,861 basehttp "GET /api/ HTTP/1.1" 200 6462
INFO 2024-11-20 04:29:32,388 basehttp "GET /api/notifications/ HTTP/1.1" 200 10307
INFO 2024-11-20 04:29:48,938 basehttp "GET /api/notifications/ HTTP/1.1" 200 10307
INFO 2024-11-20 04:30:50,850 basehttp "GET /api/docs/ HTTP/1.1" 200 4662
INFO 2024-11-20 04:30:51,037 basehttp "GET /api/schema/ HTTP/1.1" 200 136157
WARNING 2024-11-20 04:39:01,206 log Unauthorized: /api/users/
WARNING 2024-11-20 04:39:01,208 basehttp "POST /api/users/ HTTP/1.1" 401 27
INFO 2024-11-20 04:39:09,577 basehttp "POST /api/users/ HTTP/1.1" 201 56
INFO 2024-11-20 04:39:26,683 basehttp "GET /api/ HTTP/1.1" 200 6462
INFO 2024-11-20 04:39:28,693 basehttp "GET /api/auth/users/ HTTP/1.1" 200 13255
INFO 2024-11-20 04:39:32,257 basehttp "GET /api/auth/users/ HTTP/1.1" 200 13255
INFO 2024-11-20 04:39:32,777 basehttp "GET /api/auth/users/ HTTP/1.1" 200 13255
INFO 2024-11-20 04:39:33,073 basehttp "GET /api/auth/users/ HTTP/1.1" 200 13255
INFO 2024-11-20 04:39:38,148 basehttp "GET /api/auth/users/?limit=5&offset=5 HTTP/1.1" 200 12550
ERROR 2024-11-20 04:40:15,901 log Internal Server Error: /api/users/
Traceback (most recent call last):
  File "/Library/Frameworks/Python.framework/Versions/3.11/lib/python3.11/site-packages/django/db/backends/utils.py", line 89, in _execute
    return self.cursor.execute(sql, params)
           ^^^^^^^^^^^^^^^^^^^^^^^^^^^^^^^^
  File "/Library/Frameworks/Python.framework/Versions/3.11/lib/python3.11/site-packages/django/db/backends/sqlite3/base.py", line 328, in execute
    return super().execute(query, params)
           ^^^^^^^^^^^^^^^^^^^^^^^^^^^^^^
sqlite3.IntegrityError: UNIQUE constraint failed: users_user.username

The above exception was the direct cause of the following exception:

Traceback (most recent call last):
  File "/Library/Frameworks/Python.framework/Versions/3.11/lib/python3.11/site-packages/django/core/handlers/exception.py", line 55, in inner
    response = get_response(request)
               ^^^^^^^^^^^^^^^^^^^^^
  File "/Library/Frameworks/Python.framework/Versions/3.11/lib/python3.11/site-packages/django/core/handlers/base.py", line 197, in _get_response
    response = wrapped_callback(request, *callback_args, **callback_kwargs)
               ^^^^^^^^^^^^^^^^^^^^^^^^^^^^^^^^^^^^^^^^^^^^^^^^^^^^^^^^^^^^
  File "/Library/Frameworks/Python.framework/Versions/3.11/lib/python3.11/site-packages/django/views/decorators/csrf.py", line 56, in wrapper_view
    return view_func(*args, **kwargs)
           ^^^^^^^^^^^^^^^^^^^^^^^^^^
  File "/Library/Frameworks/Python.framework/Versions/3.11/lib/python3.11/site-packages/rest_framework/viewsets.py", line 125, in view
    return self.dispatch(request, *args, **kwargs)
           ^^^^^^^^^^^^^^^^^^^^^^^^^^^^^^^^^^^^^^^
  File "/Library/Frameworks/Python.framework/Versions/3.11/lib/python3.11/site-packages/rest_framework/views.py", line 509, in dispatch
    response = self.handle_exception(exc)
               ^^^^^^^^^^^^^^^^^^^^^^^^^^
  File "/Library/Frameworks/Python.framework/Versions/3.11/lib/python3.11/site-packages/rest_framework/views.py", line 469, in handle_exception
    self.raise_uncaught_exception(exc)
  File "/Library/Frameworks/Python.framework/Versions/3.11/lib/python3.11/site-packages/rest_framework/views.py", line 480, in raise_uncaught_exception
    raise exc
  File "/Library/Frameworks/Python.framework/Versions/3.11/lib/python3.11/site-packages/rest_framework/views.py", line 506, in dispatch
    response = handler(request, *args, **kwargs)
               ^^^^^^^^^^^^^^^^^^^^^^^^^^^^^^^^^
  File "/Library/Frameworks/Python.framework/Versions/3.11/lib/python3.11/site-packages/rest_framework/mixins.py", line 19, in create
    self.perform_create(serializer)
  File "/Library/Frameworks/Python.framework/Versions/3.11/lib/python3.11/site-packages/rest_framework/mixins.py", line 24, in perform_create
    serializer.save()
  File "/Library/Frameworks/Python.framework/Versions/3.11/lib/python3.11/site-packages/rest_framework/serializers.py", line 212, in save
    self.instance = self.create(validated_data)
                    ^^^^^^^^^^^^^^^^^^^^^^^^^^^
  File "/Library/Frameworks/Python.framework/Versions/3.11/lib/python3.11/site-packages/rest_framework/serializers.py", line 962, in create
    instance = ModelClass._default_manager.create(**validated_data)
               ^^^^^^^^^^^^^^^^^^^^^^^^^^^^^^^^^^^^^^^^^^^^^^^^^^^^
  File "/Library/Frameworks/Python.framework/Versions/3.11/lib/python3.11/site-packages/django/db/models/manager.py", line 87, in manager_method
    return getattr(self.get_queryset(), name)(*args, **kwargs)
           ^^^^^^^^^^^^^^^^^^^^^^^^^^^^^^^^^^^^^^^^^^^^^^^^^^^
  File "/Library/Frameworks/Python.framework/Versions/3.11/lib/python3.11/site-packages/django/db/models/query.py", line 658, in create
    obj.save(force_insert=True, using=self.db)
  File "/Library/Frameworks/Python.framework/Versions/3.11/lib/python3.11/site-packages/django/contrib/auth/base_user.py", line 76, in save
    super().save(*args, **kwargs)
  File "/Library/Frameworks/Python.framework/Versions/3.11/lib/python3.11/site-packages/django/db/models/base.py", line 814, in save
    self.save_base(
  File "/Library/Frameworks/Python.framework/Versions/3.11/lib/python3.11/site-packages/django/db/models/base.py", line 877, in save_base
    updated = self._save_table(
              ^^^^^^^^^^^^^^^^^
  File "/Library/Frameworks/Python.framework/Versions/3.11/lib/python3.11/site-packages/django/db/models/base.py", line 1020, in _save_table
    results = self._do_insert(
              ^^^^^^^^^^^^^^^^
  File "/Library/Frameworks/Python.framework/Versions/3.11/lib/python3.11/site-packages/django/db/models/base.py", line 1061, in _do_insert
    return manager._insert(
           ^^^^^^^^^^^^^^^^
  File "/Library/Frameworks/Python.framework/Versions/3.11/lib/python3.11/site-packages/django/db/models/manager.py", line 87, in manager_method
    return getattr(self.get_queryset(), name)(*args, **kwargs)
           ^^^^^^^^^^^^^^^^^^^^^^^^^^^^^^^^^^^^^^^^^^^^^^^^^^^
  File "/Library/Frameworks/Python.framework/Versions/3.11/lib/python3.11/site-packages/django/db/models/query.py", line 1805, in _insert
    return query.get_compiler(using=using).execute_sql(returning_fields)
           ^^^^^^^^^^^^^^^^^^^^^^^^^^^^^^^^^^^^^^^^^^^^^^^^^^^^^^^^^^^^^
  File "/Library/Frameworks/Python.framework/Versions/3.11/lib/python3.11/site-packages/django/db/models/sql/compiler.py", line 1822, in execute_sql
    cursor.execute(sql, params)
  File "/Library/Frameworks/Python.framework/Versions/3.11/lib/python3.11/site-packages/django/db/backends/utils.py", line 102, in execute
    return super().execute(sql, params)
           ^^^^^^^^^^^^^^^^^^^^^^^^^^^^
  File "/Library/Frameworks/Python.framework/Versions/3.11/lib/python3.11/site-packages/django/db/backends/utils.py", line 67, in execute
    return self._execute_with_wrappers(
           ^^^^^^^^^^^^^^^^^^^^^^^^^^^^
  File "/Library/Frameworks/Python.framework/Versions/3.11/lib/python3.11/site-packages/django/db/backends/utils.py", line 80, in _execute_with_wrappers
    return executor(sql, params, many, context)
           ^^^^^^^^^^^^^^^^^^^^^^^^^^^^^^^^^^^^
  File "/Library/Frameworks/Python.framework/Versions/3.11/lib/python3.11/site-packages/django/db/backends/utils.py", line 84, in _execute
    with self.db.wrap_database_errors:
  File "/Library/Frameworks/Python.framework/Versions/3.11/lib/python3.11/site-packages/django/db/utils.py", line 91, in __exit__
    raise dj_exc_value.with_traceback(traceback) from exc_value
  File "/Library/Frameworks/Python.framework/Versions/3.11/lib/python3.11/site-packages/django/db/backends/utils.py", line 89, in _execute
    return self.cursor.execute(sql, params)
           ^^^^^^^^^^^^^^^^^^^^^^^^^^^^^^^^
  File "/Library/Frameworks/Python.framework/Versions/3.11/lib/python3.11/site-packages/django/db/backends/sqlite3/base.py", line 328, in execute
    return super().execute(query, params)
           ^^^^^^^^^^^^^^^^^^^^^^^^^^^^^^
django.db.utils.IntegrityError: UNIQUE constraint failed: users_user.username
ERROR 2024-11-20 04:40:15,907 basehttp "POST /api/users/ HTTP/1.1" 500 209574
INFO 2024-11-20 04:40:29,059 basehttp "GET /api/auth/users/?limit=5&offset=5 HTTP/1.1" 200 12550
INFO 2024-11-20 04:40:29,610 basehttp "GET /api/auth/users/?limit=5&offset=5 HTTP/1.1" 200 12550
INFO 2024-11-20 04:40:29,830 basehttp "GET /api/auth/users/?limit=5&offset=5 HTTP/1.1" 200 12550
INFO 2024-11-20 04:40:30,353 basehttp "GET /api/auth/users/?limit=5&offset=5 HTTP/1.1" 200 12550
INFO 2024-11-20 04:40:30,613 basehttp "GET /api/auth/users/?limit=5&offset=5 HTTP/1.1" 200 12550
INFO 2024-11-20 04:40:30,836 basehttp "GET /api/auth/users/?limit=5&offset=5 HTTP/1.1" 200 12550
INFO 2024-11-20 04:40:32,697 basehttp "GET /api/auth/users/?limit=5 HTTP/1.1" 200 13339
INFO 2024-11-20 04:40:38,982 basehttp "GET /api/auth/users/?limit=5&offset=5 HTTP/1.1" 200 12550
ERROR 2024-11-20 04:41:03,557 log Internal Server Error: /api/users/
Traceback (most recent call last):
  File "/Library/Frameworks/Python.framework/Versions/3.11/lib/python3.11/site-packages/django/db/backends/utils.py", line 89, in _execute
    return self.cursor.execute(sql, params)
           ^^^^^^^^^^^^^^^^^^^^^^^^^^^^^^^^
  File "/Library/Frameworks/Python.framework/Versions/3.11/lib/python3.11/site-packages/django/db/backends/sqlite3/base.py", line 328, in execute
    return super().execute(query, params)
           ^^^^^^^^^^^^^^^^^^^^^^^^^^^^^^
sqlite3.IntegrityError: UNIQUE constraint failed: users_user.username

The above exception was the direct cause of the following exception:

Traceback (most recent call last):
  File "/Library/Frameworks/Python.framework/Versions/3.11/lib/python3.11/site-packages/django/core/handlers/exception.py", line 55, in inner
    response = get_response(request)
               ^^^^^^^^^^^^^^^^^^^^^
  File "/Library/Frameworks/Python.framework/Versions/3.11/lib/python3.11/site-packages/django/core/handlers/base.py", line 197, in _get_response
    response = wrapped_callback(request, *callback_args, **callback_kwargs)
               ^^^^^^^^^^^^^^^^^^^^^^^^^^^^^^^^^^^^^^^^^^^^^^^^^^^^^^^^^^^^
  File "/Library/Frameworks/Python.framework/Versions/3.11/lib/python3.11/site-packages/django/views/decorators/csrf.py", line 56, in wrapper_view
    return view_func(*args, **kwargs)
           ^^^^^^^^^^^^^^^^^^^^^^^^^^
  File "/Library/Frameworks/Python.framework/Versions/3.11/lib/python3.11/site-packages/rest_framework/viewsets.py", line 125, in view
    return self.dispatch(request, *args, **kwargs)
           ^^^^^^^^^^^^^^^^^^^^^^^^^^^^^^^^^^^^^^^
  File "/Library/Frameworks/Python.framework/Versions/3.11/lib/python3.11/site-packages/rest_framework/views.py", line 509, in dispatch
    response = self.handle_exception(exc)
               ^^^^^^^^^^^^^^^^^^^^^^^^^^
  File "/Library/Frameworks/Python.framework/Versions/3.11/lib/python3.11/site-packages/rest_framework/views.py", line 469, in handle_exception
    self.raise_uncaught_exception(exc)
  File "/Library/Frameworks/Python.framework/Versions/3.11/lib/python3.11/site-packages/rest_framework/views.py", line 480, in raise_uncaught_exception
    raise exc
  File "/Library/Frameworks/Python.framework/Versions/3.11/lib/python3.11/site-packages/rest_framework/views.py", line 506, in dispatch
    response = handler(request, *args, **kwargs)
               ^^^^^^^^^^^^^^^^^^^^^^^^^^^^^^^^^
  File "/Library/Frameworks/Python.framework/Versions/3.11/lib/python3.11/site-packages/rest_framework/mixins.py", line 19, in create
    self.perform_create(serializer)
  File "/Library/Frameworks/Python.framework/Versions/3.11/lib/python3.11/site-packages/rest_framework/mixins.py", line 24, in perform_create
    serializer.save()
  File "/Library/Frameworks/Python.framework/Versions/3.11/lib/python3.11/site-packages/rest_framework/serializers.py", line 212, in save
    self.instance = self.create(validated_data)
                    ^^^^^^^^^^^^^^^^^^^^^^^^^^^
  File "/Library/Frameworks/Python.framework/Versions/3.11/lib/python3.11/site-packages/rest_framework/serializers.py", line 962, in create
    instance = ModelClass._default_manager.create(**validated_data)
               ^^^^^^^^^^^^^^^^^^^^^^^^^^^^^^^^^^^^^^^^^^^^^^^^^^^^
  File "/Library/Frameworks/Python.framework/Versions/3.11/lib/python3.11/site-packages/django/db/models/manager.py", line 87, in manager_method
    return getattr(self.get_queryset(), name)(*args, **kwargs)
           ^^^^^^^^^^^^^^^^^^^^^^^^^^^^^^^^^^^^^^^^^^^^^^^^^^^
  File "/Library/Frameworks/Python.framework/Versions/3.11/lib/python3.11/site-packages/django/db/models/query.py", line 658, in create
    obj.save(force_insert=True, using=self.db)
  File "/Library/Frameworks/Python.framework/Versions/3.11/lib/python3.11/site-packages/django/contrib/auth/base_user.py", line 76, in save
    super().save(*args, **kwargs)
  File "/Library/Frameworks/Python.framework/Versions/3.11/lib/python3.11/site-packages/django/db/models/base.py", line 814, in save
    self.save_base(
  File "/Library/Frameworks/Python.framework/Versions/3.11/lib/python3.11/site-packages/django/db/models/base.py", line 877, in save_base
    updated = self._save_table(
              ^^^^^^^^^^^^^^^^^
  File "/Library/Frameworks/Python.framework/Versions/3.11/lib/python3.11/site-packages/django/db/models/base.py", line 1020, in _save_table
    results = self._do_insert(
              ^^^^^^^^^^^^^^^^
  File "/Library/Frameworks/Python.framework/Versions/3.11/lib/python3.11/site-packages/django/db/models/base.py", line 1061, in _do_insert
    return manager._insert(
           ^^^^^^^^^^^^^^^^
  File "/Library/Frameworks/Python.framework/Versions/3.11/lib/python3.11/site-packages/django/db/models/manager.py", line 87, in manager_method
    return getattr(self.get_queryset(), name)(*args, **kwargs)
           ^^^^^^^^^^^^^^^^^^^^^^^^^^^^^^^^^^^^^^^^^^^^^^^^^^^
  File "/Library/Frameworks/Python.framework/Versions/3.11/lib/python3.11/site-packages/django/db/models/query.py", line 1805, in _insert
    return query.get_compiler(using=using).execute_sql(returning_fields)
           ^^^^^^^^^^^^^^^^^^^^^^^^^^^^^^^^^^^^^^^^^^^^^^^^^^^^^^^^^^^^^
  File "/Library/Frameworks/Python.framework/Versions/3.11/lib/python3.11/site-packages/django/db/models/sql/compiler.py", line 1822, in execute_sql
    cursor.execute(sql, params)
  File "/Library/Frameworks/Python.framework/Versions/3.11/lib/python3.11/site-packages/django/db/backends/utils.py", line 102, in execute
    return super().execute(sql, params)
           ^^^^^^^^^^^^^^^^^^^^^^^^^^^^
  File "/Library/Frameworks/Python.framework/Versions/3.11/lib/python3.11/site-packages/django/db/backends/utils.py", line 67, in execute
    return self._execute_with_wrappers(
           ^^^^^^^^^^^^^^^^^^^^^^^^^^^^
  File "/Library/Frameworks/Python.framework/Versions/3.11/lib/python3.11/site-packages/django/db/backends/utils.py", line 80, in _execute_with_wrappers
    return executor(sql, params, many, context)
           ^^^^^^^^^^^^^^^^^^^^^^^^^^^^^^^^^^^^
  File "/Library/Frameworks/Python.framework/Versions/3.11/lib/python3.11/site-packages/django/db/backends/utils.py", line 84, in _execute
    with self.db.wrap_database_errors:
  File "/Library/Frameworks/Python.framework/Versions/3.11/lib/python3.11/site-packages/django/db/utils.py", line 91, in __exit__
    raise dj_exc_value.with_traceback(traceback) from exc_value
  File "/Library/Frameworks/Python.framework/Versions/3.11/lib/python3.11/site-packages/django/db/backends/utils.py", line 89, in _execute
    return self.cursor.execute(sql, params)
           ^^^^^^^^^^^^^^^^^^^^^^^^^^^^^^^^
  File "/Library/Frameworks/Python.framework/Versions/3.11/lib/python3.11/site-packages/django/db/backends/sqlite3/base.py", line 328, in execute
    return super().execute(query, params)
           ^^^^^^^^^^^^^^^^^^^^^^^^^^^^^^
django.db.utils.IntegrityError: UNIQUE constraint failed: users_user.username
ERROR 2024-11-20 04:41:03,559 basehttp "POST /api/users/ HTTP/1.1" 500 209574
INFO 2024-11-20 04:45:03,041 basehttp "GET /api/auth/users/?limit=5&offset=5 HTTP/1.1" 200 12550
INFO 2024-11-20 04:45:03,566 basehttp "GET /api/auth/users/?limit=5&offset=5 HTTP/1.1" 200 12550
INFO 2024-11-20 04:45:04,054 basehttp "GET /api/auth/users/?limit=5&offset=5 HTTP/1.1" 200 12550
INFO 2024-11-20 04:45:04,379 basehttp "GET /api/auth/users/?limit=5&offset=5 HTTP/1.1" 200 12550
INFO 2024-11-20 04:45:05,001 basehttp "GET /api/auth/users/?limit=5&offset=5 HTTP/1.1" 200 12550
INFO 2024-11-20 04:45:05,279 basehttp "GET /api/auth/users/?limit=5&offset=5 HTTP/1.1" 200 12550
INFO 2024-11-20 04:45:05,645 basehttp "GET /api/auth/users/?limit=5&offset=5 HTTP/1.1" 200 12550
INFO 2024-11-20 04:45:06,295 basehttp "GET /api/auth/users/?limit=5&offset=5 HTTP/1.1" 200 12550
INFO 2024-11-20 04:45:06,612 basehttp "GET /api/auth/users/?limit=5&offset=5 HTTP/1.1" 200 12550
INFO 2024-11-20 04:45:56,820 basehttp "POST /api/auth/users/ HTTP/1.1" 201 64
INFO 2024-11-20 04:46:18,506 basehttp "GET /api/auth/users/?limit=5&offset=5 HTTP/1.1" 200 12769
INFO 2024-11-20 04:46:19,346 basehttp "GET /api/auth/users/?limit=5&offset=5 HTTP/1.1" 200 12769
INFO 2024-11-20 04:56:07,587 basehttp "POST /api/auth/token/login/ HTTP/1.1" 200 57
INFO 2024-11-20 05:20:38,810 autoreload Watching for file changes with StatReloader
INFO 2024-11-20 05:20:41,738 basehttp "POST /api/auth/token/login/ HTTP/1.1" 200 57
INFO 2024-11-20 05:20:48,666 basehttp "GET /api/users/ HTTP/1.1" 200 400
INFO 2024-11-20 05:20:54,619 basehttp "GET /api/attendance/ HTTP/1.1" 200 192
INFO 2024-11-20 05:35:46,818 autoreload Watching for file changes with StatReloader
INFO 2024-11-20 05:35:52,875 basehttp "GET /api/ HTTP/1.1" 200 6462
INFO 2024-11-20 05:35:54,734 basehttp "GET /api/attendance/ HTTP/1.1" 200 10756
INFO 2024-11-20 05:35:59,635 basehttp "GET /api/attendance/1 HTTP/1.1" 301 0
INFO 2024-11-20 05:35:59,650 basehttp "GET /api/attendance/1/ HTTP/1.1" 200 11762
INFO 2024-11-22 05:50:11,815 autoreload Watching for file changes with StatReloader
WARNING 2024-11-22 05:50:22,825 log Not Found: /
WARNING 2024-11-22 05:50:22,826 basehttp "GET / HTTP/1.1" 404 2889
INFO 2024-11-22 05:50:25,278 basehttp "GET /admin/ HTTP/1.1" 302 0
INFO 2024-11-22 05:50:25,292 basehttp "GET /admin/login/?next=/admin/ HTTP/1.1" 200 4181
INFO 2024-11-22 05:50:25,317 basehttp "GET /static/admin/css/base.css HTTP/1.1" 304 0
INFO 2024-11-22 05:50:25,317 basehttp "GET /static/admin/css/dark_mode.css HTTP/1.1" 304 0
INFO 2024-11-22 05:50:25,317 basehttp "GET /static/admin/css/nav_sidebar.css HTTP/1.1" 304 0
INFO 2024-11-22 05:50:25,335 basehttp "GET /static/admin/css/responsive.css HTTP/1.1" 304 0
INFO 2024-11-22 05:50:25,335 basehttp "GET /static/admin/css/login.css HTTP/1.1" 304 0
INFO 2024-11-22 05:50:25,336 basehttp "GET /static/admin/js/theme.js HTTP/1.1" 304 0
INFO 2024-11-22 05:50:25,337 basehttp "GET /static/admin/js/nav_sidebar.js HTTP/1.1" 304 0
WARNING 2024-11-22 05:50:27,771 log Not Found: /фзш
WARNING 2024-11-22 05:50:27,773 basehttp "GET /%D1%84%D0%B7%D1%88 HTTP/1.1" 404 2937
INFO 2024-11-22 05:50:31,093 basehttp "GET /admin/ HTTP/1.1" 302 0
INFO 2024-11-22 05:50:31,099 basehttp "GET /admin/login/?next=/admin/ HTTP/1.1" 200 4181
INFO 2024-11-22 05:50:32,204 basehttp "GET /api/ HTTP/1.1" 200 6223
INFO 2024-11-22 05:50:32,248 basehttp "GET /static/rest_framework/css/bootstrap-tweaks.css HTTP/1.1" 304 0
INFO 2024-11-22 05:50:32,248 basehttp "GET /static/rest_framework/css/bootstrap.min.css HTTP/1.1" 304 0
INFO 2024-11-22 05:50:32,248 basehttp "GET /static/rest_framework/css/prettify.css HTTP/1.1" 304 0
INFO 2024-11-22 05:50:32,268 basehttp "GET /static/rest_framework/css/default.css HTTP/1.1" 304 0
INFO 2024-11-22 05:50:32,269 basehttp "GET /static/rest_framework/js/ajax-form.js HTTP/1.1" 304 0
INFO 2024-11-22 05:50:32,270 basehttp "GET /static/rest_framework/js/csrf.js HTTP/1.1" 304 0
INFO 2024-11-22 05:50:32,271 basehttp "GET /static/rest_framework/js/bootstrap.min.js HTTP/1.1" 304 0
INFO 2024-11-22 05:50:32,272 basehttp "GET /static/rest_framework/js/prettify-min.js HTTP/1.1" 304 0
INFO 2024-11-22 05:50:32,273 basehttp "GET /static/rest_framework/js/default.js HTTP/1.1" 304 0
INFO 2024-11-22 05:50:32,280 basehttp "GET /static/rest_framework/img/grid.png HTTP/1.1" 304 0
WARNING 2024-11-22 05:50:35,174 log Unauthorized: /api/courses/
WARNING 2024-11-22 05:50:35,175 basehttp "GET /api/courses/ HTTP/1.1" 401 5249
INFO 2024-11-22 05:50:37,343 basehttp "GET /api/drf-auth/login/?next=/api/ HTTP/1.1" 200 2709
INFO 2024-11-22 05:50:38,501 basehttp "POST /api/drf-auth/login/ HTTP/1.1" 302 0
INFO 2024-11-22 05:50:38,504 basehttp "GET /api/ HTTP/1.1" 200 6462
INFO 2024-11-22 05:50:40,333 basehttp "GET /api/enrollments/ HTTP/1.1" 200 9169
INFO 2024-11-22 05:50:42,105 basehttp "GET /api/auth/users/ HTTP/1.1" 200 13255
INFO 2024-11-22 05:52:33,301 basehttp "GET /api/ HTTP/1.1" 200 6462
INFO 2024-11-22 05:52:38,013 basehttp "GET /api/docs/ HTTP/1.1" 200 4662
INFO 2024-11-22 05:52:38,138 basehttp "GET /api/schema/ HTTP/1.1" 200 136314
INFO 2024-11-24 15:29:05,139 autoreload Watching for file changes with StatReloader
WARNING 2024-11-24 15:29:56,971 log Not Found: /
WARNING 2024-11-24 15:29:56,972 basehttp "GET / HTTP/1.1" 404 2889
WARNING 2024-11-24 15:29:57,034 log Not Found: /favicon.ico
WARNING 2024-11-24 15:29:57,034 basehttp "GET /favicon.ico HTTP/1.1" 404 2940
INFO 2024-11-24 15:30:00,820 basehttp "GET /api/ HTTP/1.1" 200 6223
INFO 2024-11-24 15:30:00,835 basehttp "GET /static/rest_framework/css/bootstrap-tweaks.css HTTP/1.1" 304 0
INFO 2024-11-24 15:30:00,836 basehttp "GET /static/rest_framework/css/bootstrap.min.css HTTP/1.1" 304 0
INFO 2024-11-24 15:30:00,837 basehttp "GET /static/rest_framework/css/prettify.css HTTP/1.1" 304 0
INFO 2024-11-24 15:30:00,839 basehttp "GET /static/rest_framework/css/default.css HTTP/1.1" 304 0
INFO 2024-11-24 15:30:00,840 basehttp "GET /static/rest_framework/js/csrf.js HTTP/1.1" 304 0
INFO 2024-11-24 15:30:00,840 basehttp "GET /static/rest_framework/js/bootstrap.min.js HTTP/1.1" 304 0
INFO 2024-11-24 15:30:00,840 basehttp "GET /static/rest_framework/js/ajax-form.js HTTP/1.1" 304 0
INFO 2024-11-24 15:30:00,842 basehttp "GET /static/rest_framework/js/jquery-3.5.1.min.js HTTP/1.1" 304 0
INFO 2024-11-24 15:30:00,843 basehttp "GET /static/rest_framework/js/prettify-min.js HTTP/1.1" 304 0
INFO 2024-11-24 15:30:00,844 basehttp "GET /static/rest_framework/js/default.js HTTP/1.1" 304 0
INFO 2024-11-24 15:30:00,844 basehttp "GET /static/rest_framework/img/grid.png HTTP/1.1" 304 0
WARNING 2024-11-24 15:30:02,618 log Unauthorized: /api/courses/
WARNING 2024-11-24 15:30:02,619 basehttp "GET /api/courses/ HTTP/1.1" 401 5249
INFO 2024-11-24 15:30:05,567 basehttp "GET /api/drf-auth/login/?next=/api/courses/ HTTP/1.1" 200 2717
INFO 2024-11-24 15:30:07,059 basehttp "POST /api/drf-auth/login/ HTTP/1.1" 302 0
INFO 2024-11-24 15:30:07,076 basehttp "GET /api/courses/ HTTP/1.1" 200 12367
INFO 2024-11-24 15:30:07,099 basehttp "GET /static/rest_framework/fonts/glyphicons-halflings-regular.woff2 HTTP/1.1" 304 0
INFO 2024-11-24 15:30:21,152 basehttp "GET /api/drf-auth/login/?next=/api/courses/ HTTP/1.1" 200 2717
INFO 2024-11-24 15:30:22,463 basehttp "POST /api/drf-auth/login/ HTTP/1.1" 302 0
INFO 2024-11-24 15:30:22,471 basehttp "GET /api/courses/ HTTP/1.1" 200 12367
INFO 2024-11-24 15:30:23,555 basehttp "GET /api/courses/ HTTP/1.1" 200 12367
INFO 2024-11-24 15:30:24,060 basehttp "GET /api/ HTTP/1.1" 200 6462
INFO 2024-11-24 15:30:25,540 basehttp "GET /api/students/ HTTP/1.1" 200 13094
INFO 2024-11-24 15:30:31,334 basehttp "GET /api/students/ HTTP/1.1" 200 13094
INFO 2024-11-24 15:30:31,613 basehttp "GET /api/students/ HTTP/1.1" 200 13094
INFO 2024-11-24 15:30:31,855 basehttp "GET /api/students/ HTTP/1.1" 200 13094
INFO 2024-11-24 15:30:32,055 basehttp "GET /api/students/ HTTP/1.1" 200 13094
INFO 2024-11-24 15:30:32,250 basehttp "GET /api/students/ HTTP/1.1" 200 13094
INFO 2024-11-24 15:30:32,489 basehttp "GET /api/students/ HTTP/1.1" 200 13094
INFO 2024-11-24 15:30:33,629 basehttp "GET /api/students/ HTTP/1.1" 200 13094
INFO 2024-11-24 15:30:33,826 basehttp "GET /api/students/ HTTP/1.1" 200 13094
INFO 2024-11-24 15:30:34,019 basehttp "GET /api/students/ HTTP/1.1" 200 13094
INFO 2024-11-24 15:30:34,186 basehttp "GET /api/students/ HTTP/1.1" 200 13094
INFO 2024-11-24 15:30:34,396 basehttp "GET /api/students/ HTTP/1.1" 200 13094
INFO 2024-11-24 15:30:34,612 basehttp "GET /api/students/ HTTP/1.1" 200 13094
INFO 2024-11-24 15:30:34,788 basehttp "GET /api/students/ HTTP/1.1" 200 13094
INFO 2024-11-24 15:34:14,718 autoreload Watching for file changes with StatReloader
INFO 2024-11-24 15:34:17,091 basehttp "GET /api/ HTTP/1.1" 200 6462
INFO 2024-11-24 15:34:19,335 basehttp "GET /api/notifications/ HTTP/1.1" 200 10478
INFO 2024-11-24 15:55:31,405 autoreload Watching for file changes with StatReloader
INFO 2024-11-24 15:55:35,214 basehttp "GET /api/ HTTP/1.1" 200 6462
INFO 2024-11-24 15:55:38,571 basehttp "GET /admin/ HTTP/1.1" 200 14569
INFO 2024-11-24 15:55:38,632 basehttp "GET /static/admin/css/dark_mode.css HTTP/1.1" 304 0
INFO 2024-11-24 15:55:38,632 basehttp "GET /static/admin/css/base.css HTTP/1.1" 304 0
INFO 2024-11-24 15:55:38,632 basehttp "GET /static/admin/css/nav_sidebar.css HTTP/1.1" 304 0
INFO 2024-11-24 15:55:38,648 basehttp "GET /static/admin/css/responsive.css HTTP/1.1" 304 0
INFO 2024-11-24 15:55:38,649 basehttp "GET /static/admin/css/dashboard.css HTTP/1.1" 304 0
INFO 2024-11-24 15:55:38,649 basehttp "GET /static/admin/js/theme.js HTTP/1.1" 304 0
INFO 2024-11-24 15:55:38,650 basehttp "GET /static/admin/js/nav_sidebar.js HTTP/1.1" 304 0
INFO 2024-11-24 15:55:38,653 basehttp "GET /static/admin/img/icon-changelink.svg HTTP/1.1" 304 0
INFO 2024-11-24 15:55:38,654 basehttp "GET /static/admin/img/icon-deletelink.svg HTTP/1.1" 304 0
INFO 2024-11-24 15:55:38,654 basehttp "GET /static/admin/img/icon-addlink.svg HTTP/1.1" 304 0
INFO 2024-11-24 15:56:19,489 basehttp "GET /admin/django_celery_beat/periodictask/ HTTP/1.1" 200 15032
INFO 2024-11-24 15:56:19,521 basehttp "GET /static/admin/css/changelists.css HTTP/1.1" 304 0
INFO 2024-11-24 15:56:19,522 basehttp "GET /static/admin/js/vendor/jquery/jquery.js HTTP/1.1" 304 0
INFO 2024-11-24 15:56:19,524 basehttp "GET /static/admin/js/jquery.init.js HTTP/1.1" 304 0
INFO 2024-11-24 15:56:19,525 basehttp "GET /static/admin/js/admin/RelatedObjectLookups.js HTTP/1.1" 304 0
INFO 2024-11-24 15:56:19,526 basehttp "GET /static/admin/js/core.js HTTP/1.1" 304 0
INFO 2024-11-24 15:56:19,526 basehttp "GET /static/admin/js/actions.js HTTP/1.1" 304 0
INFO 2024-11-24 15:56:19,527 basehttp "GET /static/admin/js/vendor/xregexp/xregexp.js HTTP/1.1" 304 0
INFO 2024-11-24 15:56:19,527 basehttp "GET /static/admin/js/urlify.js HTTP/1.1" 304 0
INFO 2024-11-24 15:56:19,529 basehttp "GET /static/admin/img/search.svg HTTP/1.1" 304 0
INFO 2024-11-24 15:56:19,529 basehttp "GET /static/admin/js/prepopulate.js HTTP/1.1" 304 0
INFO 2024-11-24 15:56:19,529 basehttp "GET /admin/jsi18n/ HTTP/1.1" 200 3343
INFO 2024-11-24 15:56:19,540 basehttp "GET /static/admin/js/filters.js HTTP/1.1" 304 0
INFO 2024-11-24 15:56:19,557 basehttp "GET /static/admin/img/tooltag-add.svg HTTP/1.1" 304 0
INFO 2024-11-24 15:56:25,248 basehttp "GET /admin/django_celery_beat/periodictask/add/ HTTP/1.1" 200 35544
INFO 2024-11-24 15:56:25,267 basehttp "GET /static/admin/css/forms.css HTTP/1.1" 304 0
INFO 2024-11-24 15:56:25,268 basehttp "GET /static/admin/js/calendar.js HTTP/1.1" 304 0
INFO 2024-11-24 15:56:25,269 basehttp "GET /static/admin/js/prepopulate_init.js HTTP/1.1" 304 0
INFO 2024-11-24 15:56:25,269 basehttp "GET /static/admin/js/admin/DateTimeShortcuts.js HTTP/1.1" 304 0
INFO 2024-11-24 15:56:25,269 basehttp "GET /static/admin/img/icon-viewlink.svg HTTP/1.1" 304 0
INFO 2024-11-24 15:56:25,270 basehttp "GET /static/admin/css/widgets.css HTTP/1.1" 304 0
INFO 2024-11-24 15:56:25,271 basehttp "GET /admin/jsi18n/ HTTP/1.1" 200 3343
INFO 2024-11-24 15:56:25,272 basehttp "GET /static/admin/js/collapse.js HTTP/1.1" 200 1803
INFO 2024-11-24 15:56:25,273 basehttp "GET /static/admin/js/change_form.js HTTP/1.1" 304 0
INFO 2024-11-24 15:56:25,309 basehttp "GET /static/admin/img/icon-clock.svg HTTP/1.1" 304 0
INFO 2024-11-24 15:56:25,310 basehttp "GET /static/admin/img/icon-calendar.svg HTTP/1.1" 304 0
INFO 2024-11-24 15:57:36,447 basehttp "GET /admin/django_celery_beat/periodictask/ HTTP/1.1" 200 15032
INFO 2024-11-24 15:57:40,184 basehttp "GET /admin/django_celery_beat/ HTTP/1.1" 200 7177
INFO 2024-11-24 15:57:42,618 basehttp "GET /admin/django_celery_beat/ HTTP/1.1" 200 7177
INFO 2024-11-24 15:57:44,327 basehttp "GET /admin/django_celery_beat/solarschedule/ HTTP/1.1" 200 11920
INFO 2024-11-24 15:57:44,350 basehttp "GET /admin/jsi18n/ HTTP/1.1" 200 3343
INFO 2024-11-24 15:57:45,490 basehttp "GET /admin/django_celery_beat/ HTTP/1.1" 200 7177
INFO 2024-11-24 15:57:46,739 basehttp "GET /admin/django_celery_beat/periodictask/ HTTP/1.1" 200 15032
INFO 2024-11-24 15:57:46,754 basehttp "GET /admin/jsi18n/ HTTP/1.1" 200 3343
INFO 2024-11-24 15:57:47,380 basehttp "GET /admin/django_celery_beat/ HTTP/1.1" 200 7177
INFO 2024-11-24 15:57:48,332 basehttp "GET /admin/django_celery_beat/intervalschedule/ HTTP/1.1" 200 11911
INFO 2024-11-24 15:57:48,350 basehttp "GET /admin/jsi18n/ HTTP/1.1" 200 3343
INFO 2024-11-24 15:57:48,992 basehttp "GET /admin/django_celery_beat/ HTTP/1.1" 200 7177
INFO 2024-11-24 15:57:49,919 basehttp "GET /admin/django_celery_beat/periodictask/ HTTP/1.1" 200 15032
INFO 2024-11-24 16:01:20,669 basehttp "GET /admin/django_celery_beat/periodictask/ HTTP/1.1" 200 15032
INFO 2024-11-24 16:01:20,696 basehttp "GET /admin/jsi18n/ HTTP/1.1" 200 3343
INFO 2024-11-24 16:03:23,127 basehttp "GET /admin/django_celery_beat/periodictask/add/ HTTP/1.1" 200 35544
INFO 2024-11-24 16:03:23,150 basehttp "GET /admin/jsi18n/ HTTP/1.1" 200 3343
INFO 2024-11-24 16:05:55,463 basehttp "GET /admin/django_celery_beat/intervalschedule/add/?_to_field=id&_popup=1 HTTP/1.1" 200 8259
INFO 2024-11-24 16:05:55,474 basehttp "GET /static/admin/js/inlines.js HTTP/1.1" 200 15526
INFO 2024-11-24 16:05:55,476 basehttp "GET /admin/jsi18n/ HTTP/1.1" 200 3343
INFO 2024-11-24 16:05:55,477 basehttp "GET /static/admin/img/icon-unknown.svg HTTP/1.1" 304 0
INFO 2024-11-24 16:07:00,481 basehttp "POST /admin/django_celery_beat/intervalschedule/add/?_to_field=id&_popup=1 HTTP/1.1" 200 329
INFO 2024-11-24 16:07:00,496 basehttp "GET /static/admin/js/popup_response.js HTTP/1.1" 200 551
INFO 2024-11-24 16:07:26,273 basehttp "GET /admin/django_celery_beat/crontabschedule/add/?_to_field=id&_popup=1 HTTP/1.1" 200 47185
INFO 2024-11-24 16:07:26,284 basehttp "GET /admin/jsi18n/ HTTP/1.1" 200 3343
INFO 2024-11-24 16:07:47,376 basehttp "POST /admin/django_celery_beat/crontabschedule/add/?_to_field=id&_popup=1 HTTP/1.1" 200 347
INFO 2024-11-24 16:08:58,886 basehttp "POST /admin/django_celery_beat/periodictask/add/ HTTP/1.1" 302 0
INFO 2024-11-24 16:08:58,906 basehttp "GET /admin/django_celery_beat/periodictask/ HTTP/1.1" 200 18316
INFO 2024-11-24 16:08:58,920 basehttp "GET /static/admin/img/icon-yes.svg HTTP/1.1" 304 0
INFO 2024-11-24 16:08:58,923 basehttp "GET /static/admin/img/icon-no.svg HTTP/1.1" 304 0
INFO 2024-11-24 16:08:58,923 basehttp "GET /admin/jsi18n/ HTTP/1.1" 200 3343
INFO 2024-11-24 16:09:49,948 basehttp "GET /admin/django_celery_beat/periodictask/add/ HTTP/1.1" 200 35780
INFO 2024-11-24 16:09:49,968 basehttp "GET /admin/jsi18n/ HTTP/1.1" 200 3343
INFO 2024-11-24 16:11:37,205 basehttp "GET /admin/django_celery_beat/crontabschedule/add/?_to_field=id&_popup=1 HTTP/1.1" 200 47185
INFO 2024-11-24 16:11:37,229 basehttp "GET /admin/jsi18n/ HTTP/1.1" 200 3343
INFO 2024-11-24 16:12:04,653 basehttp "POST /admin/django_celery_beat/crontabschedule/add/?_to_field=id&_popup=1 HTTP/1.1" 200 348
INFO 2024-11-24 16:12:32,110 basehttp "POST /admin/django_celery_beat/periodictask/add/ HTTP/1.1" 302 0
INFO 2024-11-24 16:12:32,129 basehttp "GET /admin/django_celery_beat/periodictask/ HTTP/1.1" 200 19070
INFO 2024-11-24 16:12:32,146 basehttp "GET /admin/jsi18n/ HTTP/1.1" 200 3343
INFO 2024-11-24 16:21:11,989 autoreload Watching for file changes with StatReloader
INFO 2024-11-24 16:47:57,253 autoreload Watching for file changes with StatReloader
WARNING 2024-11-24 17:08:38,688 log Unauthorized: /api/students/1/
WARNING 2024-11-24 17:09:30,328 log Unauthorized: /api/students/1/
WARNING 2024-11-24 17:10:55,022 log Unauthorized: /api/students/1/
WARNING 2024-11-24 17:26:36,434 log Unauthorized: /api/students/
WARNING 2024-11-24 17:26:36,518 log Unauthorized: /api/students/1/
WARNING 2024-11-24 17:26:36,600 log Unauthorized: /api/students/1/
WARNING 2024-11-24 17:27:31,487 log Bad Request: /api/auth/token/login/
WARNING 2024-11-24 17:27:31,660 log Bad Request: /api/auth/token/login/
WARNING 2024-11-24 17:27:31,826 log Bad Request: /api/auth/token/login/
WARNING 2024-11-24 17:34:27,939 log Bad Request: /api/auth/token/login/
WARNING 2024-11-24 17:34:28,109 log Bad Request: /api/auth/token/login/
WARNING 2024-11-24 17:34:28,274 log Bad Request: /api/auth/token/login/
WARNING 2024-11-24 17:36:03,554 log Bad Request: /api/auth/token/login/
WARNING 2024-11-24 17:36:03,723 log Bad Request: /api/auth/token/login/
WARNING 2024-11-24 17:36:03,886 log Bad Request: /api/auth/token/login/
WARNING 2024-11-24 17:36:08,029 log Bad Request: /api/auth/token/login/
WARNING 2024-11-24 17:36:08,193 log Bad Request: /api/auth/token/login/
WARNING 2024-11-24 17:36:08,361 log Bad Request: /api/auth/token/login/
WARNING 2024-11-24 17:36:08,525 log Bad Request: /api/auth/token/login/
WARNING 2024-11-24 17:36:08,688 log Bad Request: /api/auth/token/login/
WARNING 2024-11-24 17:37:53,040 log Forbidden: /api/students/
WARNING 2024-11-24 17:37:53,208 log Forbidden: /api/students/1/
WARNING 2024-11-24 17:37:53,373 log Forbidden: /api/students/1/
WARNING 2024-11-24 17:38:51,161 log Forbidden: /api/students/1/
WARNING 2024-11-24 17:38:51,330 log Forbidden: /api/students/1/
WARNING 2024-11-24 17:39:40,067 log Forbidden: /api/students/1/
WARNING 2024-11-24 17:39:40,237 log Forbidden: /api/students/1/
WARNING 2024-11-24 17:39:43,423 log Forbidden: /api/students/
WARNING 2024-11-24 17:39:43,589 log Forbidden: /api/students/1/
WARNING 2024-11-24 17:39:43,754 log Forbidden: /api/students/1/
WARNING 2024-11-24 17:45:16,772 log Forbidden: /api/students/
WARNING 2024-11-24 17:45:17,104 log Bad Request: /api/students/
WARNING 2024-11-24 17:45:17,432 log Forbidden: /api/students/1/
WARNING 2024-11-24 17:45:17,766 log Bad Request: /api/students/1/
WARNING 2024-11-24 17:48:25,186 log Forbidden: /api/students/
WARNING 2024-11-24 17:48:25,355 log Forbidden: /api/students/1/
WARNING 2024-11-24 17:48:25,520 log Forbidden: /api/students/1/
WARNING 2024-11-24 17:51:23,560 log Bad Request: /api/students/
WARNING 2024-11-24 17:51:24,217 log Bad Request: /api/students/1/
WARNING 2024-11-24 18:08:07,549 log Forbidden: /api/students/
WARNING 2024-11-24 18:08:07,891 log Bad Request: /api/students/
WARNING 2024-11-24 18:08:08,221 log Forbidden: /api/students/1/
WARNING 2024-11-24 18:08:08,885 log Forbidden: /api/students/1/
WARNING 2024-11-24 18:08:09,217 log Bad Request: /api/students/1/
INFO 2024-11-24 18:13:53,505 autoreload Watching for file changes with StatReloader
WARNING 2024-11-24 18:13:56,432 log Not Found: /
WARNING 2024-11-24 18:13:56,432 basehttp "GET / HTTP/1.1" 404 2889
WARNING 2024-11-24 18:13:56,977 log Not Found: /favicon.ico
WARNING 2024-11-24 18:13:56,977 basehttp "GET /favicon.ico HTTP/1.1" 404 2940
INFO 2024-11-24 18:28:27,620 autoreload Watching for file changes with StatReloader
INFO 2024-11-24 18:37:33,708 autoreload Watching for file changes with StatReloader
ERROR 2024-11-24 18:38:02,872 log Internal Server Error: /api/students/1/
Traceback (most recent call last):
  File "/Users/kalkadam/Desktop/KBTU_Django/StudentManagementSystem/StudentManagementSystem/venv/lib/python3.11/site-packages/django_redis/cache.py", line 29, in _decorator
    return method(self, *args, **kwargs)
           ^^^^^^^^^^^^^^^^^^^^^^^^^^^^^
  File "/Users/kalkadam/Desktop/KBTU_Django/StudentManagementSystem/StudentManagementSystem/venv/lib/python3.11/site-packages/django_redis/cache.py", line 99, in _get
    return self.client.get(key, default=default, version=version, client=client)
           ^^^^^^^^^^^^^^^^^^^^^^^^^^^^^^^^^^^^^^^^^^^^^^^^^^^^^^^^^^^^^^^^^^^^^
  File "/Users/kalkadam/Desktop/KBTU_Django/StudentManagementSystem/StudentManagementSystem/venv/lib/python3.11/site-packages/django_redis/client/default.py", line 260, in get
    raise ConnectionInterrupted(connection=client) from e
django_redis.exceptions.ConnectionInterrupted: Redis ConnectionError: Error 61 connecting to 127.0.0.1:6379. Connection refused.

During handling of the above exception, another exception occurred:

Traceback (most recent call last):
  File "/Users/kalkadam/Desktop/KBTU_Django/StudentManagementSystem/StudentManagementSystem/venv/lib/python3.11/site-packages/django/core/handlers/exception.py", line 55, in inner
    response = get_response(request)
               ^^^^^^^^^^^^^^^^^^^^^
  File "/Users/kalkadam/Desktop/KBTU_Django/StudentManagementSystem/StudentManagementSystem/venv/lib/python3.11/site-packages/django/core/handlers/base.py", line 197, in _get_response
    response = wrapped_callback(request, *callback_args, **callback_kwargs)
               ^^^^^^^^^^^^^^^^^^^^^^^^^^^^^^^^^^^^^^^^^^^^^^^^^^^^^^^^^^^^
  File "/Users/kalkadam/Desktop/KBTU_Django/StudentManagementSystem/StudentManagementSystem/venv/lib/python3.11/site-packages/django/views/decorators/csrf.py", line 56, in wrapper_view
    return view_func(*args, **kwargs)
           ^^^^^^^^^^^^^^^^^^^^^^^^^^
  File "/Users/kalkadam/Desktop/KBTU_Django/StudentManagementSystem/StudentManagementSystem/venv/lib/python3.11/site-packages/rest_framework/viewsets.py", line 125, in view
    return self.dispatch(request, *args, **kwargs)
           ^^^^^^^^^^^^^^^^^^^^^^^^^^^^^^^^^^^^^^^
  File "/Users/kalkadam/Desktop/KBTU_Django/StudentManagementSystem/StudentManagementSystem/venv/lib/python3.11/site-packages/rest_framework/views.py", line 509, in dispatch
    response = self.handle_exception(exc)
               ^^^^^^^^^^^^^^^^^^^^^^^^^^
  File "/Users/kalkadam/Desktop/KBTU_Django/StudentManagementSystem/StudentManagementSystem/venv/lib/python3.11/site-packages/rest_framework/views.py", line 469, in handle_exception
    self.raise_uncaught_exception(exc)
  File "/Users/kalkadam/Desktop/KBTU_Django/StudentManagementSystem/StudentManagementSystem/venv/lib/python3.11/site-packages/rest_framework/views.py", line 480, in raise_uncaught_exception
    raise exc
  File "/Users/kalkadam/Desktop/KBTU_Django/StudentManagementSystem/StudentManagementSystem/venv/lib/python3.11/site-packages/rest_framework/views.py", line 506, in dispatch
    response = handler(request, *args, **kwargs)
               ^^^^^^^^^^^^^^^^^^^^^^^^^^^^^^^^^
  File "/Users/kalkadam/Desktop/KBTU_Django/StudentManagementSystem/StudentManagementSystem/students/views.py", line 40, in retrieve
    student = cache.get(cache_key)
              ^^^^^^^^^^^^^^^^^^^^
  File "/Users/kalkadam/Desktop/KBTU_Django/StudentManagementSystem/StudentManagementSystem/venv/lib/python3.11/site-packages/django_redis/cache.py", line 92, in get
    value = self._get(key, default, version, client)
            ^^^^^^^^^^^^^^^^^^^^^^^^^^^^^^^^^^^^^^^^
  File "/Users/kalkadam/Desktop/KBTU_Django/StudentManagementSystem/StudentManagementSystem/venv/lib/python3.11/site-packages/django_redis/cache.py", line 36, in _decorator
    raise e.__cause__
  File "/Users/kalkadam/Desktop/KBTU_Django/StudentManagementSystem/StudentManagementSystem/venv/lib/python3.11/site-packages/django_redis/client/default.py", line 258, in get
    value = client.get(key)
            ^^^^^^^^^^^^^^^
  File "/Users/kalkadam/Desktop/KBTU_Django/StudentManagementSystem/StudentManagementSystem/venv/lib/python3.11/site-packages/redis/commands/core.py", line 1822, in get
    return self.execute_command("GET", name, keys=[name])
           ^^^^^^^^^^^^^^^^^^^^^^^^^^^^^^^^^^^^^^^^^^^^^^
  File "/Users/kalkadam/Desktop/KBTU_Django/StudentManagementSystem/StudentManagementSystem/venv/lib/python3.11/site-packages/redis/client.py", line 559, in execute_command
    return self._execute_command(*args, **options)
           ^^^^^^^^^^^^^^^^^^^^^^^^^^^^^^^^^^^^^^^
  File "/Users/kalkadam/Desktop/KBTU_Django/StudentManagementSystem/StudentManagementSystem/venv/lib/python3.11/site-packages/redis/client.py", line 565, in _execute_command
    conn = self.connection or pool.get_connection(command_name, **options)
                              ^^^^^^^^^^^^^^^^^^^^^^^^^^^^^^^^^^^^^^^^^^^^
  File "/Users/kalkadam/Desktop/KBTU_Django/StudentManagementSystem/StudentManagementSystem/venv/lib/python3.11/site-packages/redis/connection.py", line 1422, in get_connection
    connection.connect()
  File "/Users/kalkadam/Desktop/KBTU_Django/StudentManagementSystem/StudentManagementSystem/venv/lib/python3.11/site-packages/redis/connection.py", line 363, in connect
    raise ConnectionError(self._error_message(e))
redis.exceptions.ConnectionError: Error 61 connecting to 127.0.0.1:6379. Connection refused.
INFO 2024-11-24 18:49:15,881 autoreload Watching for file changes with StatReloader
WARNING 2024-11-24 18:49:23,301 log Not Found: /
WARNING 2024-11-24 18:49:23,301 basehttp "GET / HTTP/1.1" 404 2889
INFO 2024-11-24 18:49:26,853 basehttp "GET /admin/ HTTP/1.1" 200 15083
INFO 2024-11-24 18:49:29,816 basehttp "GET /api/ HTTP/1.1" 200 6462
INFO 2024-11-24 18:49:32,047 basehttp "GET /api/auth/users/ HTTP/1.1" 200 13255
INFO 2024-11-24 19:05:10,421 autoreload Watching for file changes with StatReloader
WARNING 2024-11-24 19:05:15,689 log Not Found: /
WARNING 2024-11-24 19:05:15,689 basehttp "GET / HTTP/1.1" 404 2993
WARNING 2024-11-24 19:05:15,743 log Not Found: /favicon.ico
WARNING 2024-11-24 19:05:15,744 basehttp "GET /favicon.ico HTTP/1.1" 404 3044
INFO 2024-11-24 19:05:21,683 basehttp "GET /api/ HTTP/1.1" 200 6462
INFO 2024-11-24 19:05:29,633 basehttp "GET /api/analytics HTTP/1.1" 301 0
INFO 2024-11-24 19:05:29,646 basehttp "GET /api/analytics/ HTTP/1.1" 200 5661
INFO 2024-11-24 19:11:08,327 autoreload Watching for file changes with StatReloader
INFO 2024-11-24 19:12:11,101 basehttp "GET /api/ HTTP/1.1" 200 6462
INFO 2024-11-24 19:12:13,041 basehttp "GET /api/auth/users/ HTTP/1.1" 200 13255
INFO 2024-11-24 19:12:14,982 basehttp "GET /api/students/ HTTP/1.1" 200 13094
INFO 2024-11-24 19:12:17,105 basehttp "GET /api/students/ HTTP/1.1" 200 13094
INFO 2024-11-24 19:12:17,291 basehttp "GET /api/students/ HTTP/1.1" 200 13094
INFO 2024-11-24 19:12:17,474 basehttp "GET /api/students/ HTTP/1.1" 200 13094
INFO 2024-11-24 19:12:17,689 basehttp "GET /api/students/ HTTP/1.1" 200 13094
INFO 2024-11-24 19:12:17,886 basehttp "GET /api/students/ HTTP/1.1" 200 13094
INFO 2024-11-24 19:12:18,065 basehttp "GET /api/students/ HTTP/1.1" 200 13094
INFO 2024-11-24 19:12:18,344 basehttp "GET /api/students/ HTTP/1.1" 200 13094
INFO 2024-11-24 19:12:19,893 basehttp "GET /api/grades/ HTTP/1.1" 200 9942
INFO 2024-11-24 19:12:20,829 basehttp "GET /api/grades/ HTTP/1.1" 200 9942
INFO 2024-11-24 19:12:21,079 basehttp "GET /api/grades/ HTTP/1.1" 200 9942
INFO 2024-11-24 19:12:21,332 basehttp "GET /api/grades/ HTTP/1.1" 200 9942
INFO 2024-11-24 19:12:21,585 basehttp "GET /api/grades/ HTTP/1.1" 200 9942
INFO 2024-11-24 19:12:23,396 basehttp "GET /api/attendance/ HTTP/1.1" 200 10756
INFO 2024-11-24 19:12:24,088 basehttp "GET /api/attendance/ HTTP/1.1" 200 10756
INFO 2024-11-24 19:12:24,421 basehttp "GET /api/attendance/ HTTP/1.1" 200 10756
WARNING 2024-11-24 19:12:37,679 log Not Found: /
WARNING 2024-11-24 19:12:37,680 basehttp "GET / HTTP/1.1" 404 2993
INFO 2024-11-24 19:12:42,009 basehttp "GET /api/ HTTP/1.1" 200 6462
INFO 2024-11-24 19:12:44,496 basehttp "GET /api/analytics/ HTTP/1.1" 200 5661
INFO 2024-11-24 19:18:47,178 autoreload /Users/kalkadam/Desktop/KBTU_Django/StudentManagementSystem/StudentManagementSystem/StudentManagementSystem/settings.py changed, reloading.
INFO 2024-11-24 19:18:47,698 autoreload Watching for file changes with StatReloader
INFO 2024-11-24 19:19:56,476 basehttp "GET /api/analytics/ HTTP/1.1" 200 5661
INFO 2024-11-24 19:19:57,024 basehttp "GET /api/analytics/ HTTP/1.1" 200 5661
INFO 2024-11-24 19:19:57,512 basehttp "GET /api/analytics/ HTTP/1.1" 200 5661
INFO 2024-11-24 19:19:57,968 basehttp "GET /api/analytics/ HTTP/1.1" 200 5661
INFO 2024-11-24 19:20:00,556 basehttp "GET /api/ HTTP/1.1" 200 6462
INFO 2024-11-24 19:20:01,735 basehttp "GET /api/students/ HTTP/1.1" 200 13094
INFO 2024-11-24 19:20:04,041 basehttp "GET /api/analytics/ HTTP/1.1" 200 5661
INFO 2024-11-24 19:20:04,460 basehttp "GET /api/analytics/ HTTP/1.1" 200 5661
